<?xml version="1.0" encoding="UTF-8"?>
<!-- Generated by org.testng.reporters.JUnitXMLReporter -->
<testsuite hostname="LAPTOP-5OBDF52I" ignored="0" name="EdTest" tests="4" failures="0" timestamp="24 Dec 2018 18:46:27 GMT" time="2.839" errors="0">
  <testcase name="verifySinInBtnVisibility" time="0.05" classname="demo.CrossBrowsersTesting"/>
  <testcase name="verifySingInBtnEnable" time="0.031" classname="demo.CrossBrowsersTesting"/>
  <testcase name="verifyText" time="0.016" classname="demo.CrossBrowsersTesting"/>
  <testcase name="verifyTitle" time="0.0" classname="demo.CrossBrowsersTesting"/>
</testsuite> <!-- EdTest -->
