<?xml version="1.0" encoding="UTF-8"?>
<!-- Generated by org.testng.reporters.JUnitXMLReporter -->
<testsuite hostname="LAPTOP-5OBDF52I" ignored="0" name="FFTest" tests="4" failures="0" timestamp="24 Dec 2018 18:46:25 GMT" time="0.047" errors="0">
  <testcase name="@BeforeTest openBrowser" time="0.0" classname="demo.CrossBrowsersTesting">
    <failure type="java.lang.NullPointerException">
      <![CDATA[java.lang.NullPointerException
at demo.CrossBrowsersTesting.openBrowser(CrossBrowsersTesting.java:38)
at java.util.concurrent.FutureTask.run(Unknown Source)
at java.util.concurrent.ThreadPoolExecutor.runWorker(Unknown Source)
at java.util.concurrent.ThreadPoolExecutor$Worker.run(Unknown Source)
at java.lang.Thread.run(Unknown Source)
... Removed 15 stack frames]]>
    </failure>
  </testcase> <!-- @BeforeTest openBrowser -->
  <testcase name="verifySinInBtnVisibility" time="0.0" classname="demo.CrossBrowsersTesting">
    <skipped/>
  </testcase> <!-- verifySinInBtnVisibility -->
  <testcase name="verifySingInBtnEnable" time="0.0" classname="demo.CrossBrowsersTesting">
    <skipped/>
  </testcase> <!-- verifySingInBtnEnable -->
  <testcase name="verifyText" time="0.0" classname="demo.CrossBrowsersTesting">
    <skipped/>
  </testcase> <!-- verifyText -->
  <testcase name="verifyTitle" time="0.0" classname="demo.CrossBrowsersTesting">
    <skipped/>
  </testcase> <!-- verifyTitle -->
</testsuite> <!-- FFTest -->
